"../../../../../escaVerse-UE4.25.3-project/escaVerse/Content/Mannequin/Character/Mesh/UE4_Mannequin_Skeleton.uasset" 0
"../../../../../escaVerse-UE4.25.3-project/escaVerse/Content/Mannequin/Animations/ThirdPerson_Jump.uasset" 1
"../../../../../escaVerse-UE4.25.3-project/escaVerse/Content/Mannequin/Animations/ThirdPersonJump_Loop.uasset" 2
"../../../../../escaVerse-UE4.25.3-project/escaVerse/Content/Mannequin/Animations/ThirdPersonJump_Start.uasset" 3
"../../../../../escaVerse-UE4.25.3-project/escaVerse/Content/Mannequin/Animations/ThirdPersonIdle.uasset" 4
"../../../Engine/Content/Animation/DefaultAnimBoneCompressionSettings.uasset" 5
"../../../../../escaVerse-UE4.25.3-project/escaVerse/Content/Mannequin/Animations/ThirdPersonRun.uasset" 6
"../../../../../escaVerse-UE4.25.3-project/escaVerse/Content/Mannequin/Animations/ThirdPersonWalk.uasset" 7
"../../../../../escaVerse-UE4.25.3-project/escaVerse/Content/Mannequin/Animations/ThirdPerson_IdleRun_2D.uasset" 8
"../../../Engine/Content/EditorBlueprintResources/StandardMacros.uasset" 9
"../../../../../escaVerse-UE4.25.3-project/escaVerse/Content/Mannequin/Animations/ThirdPerson_AnimBP.uasset" 10
"../../../Engine/Content/Functions/Engine_MaterialFunctions02/Utility/BlendAngleCorrectedNormals.uasset" 11
"../../../Engine/Content/Functions/MaterialLayerFunctions/MatLayerBlend_NormalBlend.uasset" 12
"../../../Engine/Content/Functions/MaterialLayerFunctions/MatLayerBlend_Simple.uasset" 13
"../../../../../escaVerse-UE4.25.3-project/escaVerse/Content/Mannequin/Character/Materials/MaterialLayers/T_ML_Rubber_Blue_01_D.uasset" 14
"../../../../../escaVerse-UE4.25.3-project/escaVerse/Content/Mannequin/Character/Materials/MaterialLayers/T_ML_Rubber_Blue_01_N.uasset" 15
"../../../../../escaVerse-UE4.25.3-project/escaVerse/Content/Mannequin/Character/Materials/MaterialLayers/ML_GlossyBlack_Latex_UE4.uasset" 16
"../../../../../escaVerse-UE4.25.3-project/escaVerse/Content/Mannequin/Character/Materials/MaterialLayers/ML_Plastic_Shiny_Beige.uasset" 17
"../../../../../escaVerse-UE4.25.3-project/escaVerse/Content/Mannequin/Character/Textures/UE4_LOGO_CARD.uasset" 18
"../../../../../escaVerse-UE4.25.3-project/escaVerse/Content/Mannequin/Character/Materials/MaterialLayers/ML_Plastic_Shiny_Beige_LOGO.uasset" 19
"../../../../../escaVerse-UE4.25.3-project/escaVerse/Content/Mannequin/Character/Materials/MaterialLayers/T_ML_Aluminum01.uasset" 20
"../../../../../escaVerse-UE4.25.3-project/escaVerse/Content/Mannequin/Character/Materials/MaterialLayers/T_ML_Aluminum01_N.uasset" 21
"../../../../../escaVerse-UE4.25.3-project/escaVerse/Content/Mannequin/Character/Materials/MaterialLayers/ML_SoftMetal_UE4.uasset" 22
"../../../../../escaVerse-UE4.25.3-project/escaVerse/Content/Mannequin/Character/Textures/UE4_Mannequin__normals.uasset" 23
"../../../../../escaVerse-UE4.25.3-project/escaVerse/Content/Mannequin/Character/Textures/UE4_Mannequin_MAT_MASKA.uasset" 24
"../../../../../escaVerse-UE4.25.3-project/escaVerse/Content/Mannequin/Character/Materials/M_UE4Man_Body.uasset" 25
"../../../../../escaVerse-UE4.25.3-project/escaVerse/Content/Mannequin/Character/Textures/UE4Man_Logo_N.uasset" 26
"../../../../../escaVerse-UE4.25.3-project/escaVerse/Content/Mannequin/Character/Materials/M_UE4Man_ChestLogo.uasset" 27
"../../../../../escaVerse-UE4.25.3-project/escaVerse/Content/Mannequin/Character/Mesh/SK_Mannequin_PhysicsAsset.uasset" 28
"../../../../../escaVerse-UE4.25.3-project/escaVerse/Content/Mannequin/Character/Mesh/SK_Mannequin.uasset" 29
"../../../../../escaVerse-UE4.25.3-project/escaVerse/Content/Blueprints/BP_RunnerChar.uasset" 30
"../../../../../escaVerse-UE4.25.3-project/escaVerse/Content/Blueprints/BP_Runner_Gamemode.uasset" 31
"../../../../../escaVerse-UE4.25.3-project/escaVerse/Content/Blueprints/Levels/floor/textures/floor_pattern_02_diff_4k.uasset" 32
"../../../../../escaVerse-UE4.25.3-project/escaVerse/Content/Blueprints/Levels/floor/textures/floor_pattern_02_disp_4k.uasset" 33
"../../../../../escaVerse-UE4.25.3-project/escaVerse/Content/Blueprints/Levels/floor/textures/floor_pattern_02_nor_gl_4k.uasset" 34
"../../../../../escaVerse-UE4.25.3-project/escaVerse/Content/Blueprints/Levels/floor/textures/floor_pattern_02_rough_4k.uasset" 35
"../../../../../escaVerse-UE4.25.3-project/escaVerse/Content/Blueprints/Levels/floor/MAT_Floor.uasset" 36
"../../../../../escaVerse-UE4.25.3-project/escaVerse/Content/Blueprints/Levels/floor/WaterDropletsMixedBubbled001_ALPHAMASKED_4K.uasset" 37
"../../../../../escaVerse-UE4.25.3-project/escaVerse/Content/Blueprints/Levels/floor/WaterDropletsMixedBubbled001_Cube.uasset" 38
"../../../../../escaVerse-UE4.25.3-project/escaVerse/Content/Blueprints/Levels/floor/WaterDropletsMixedBubbled001_DISP16_4K.uasset" 39
"../../../../../escaVerse-UE4.25.3-project/escaVerse/Content/Blueprints/Levels/floor/WaterDropletsMixedBubbled001_Flat.uasset" 40
"../../../../../escaVerse-UE4.25.3-project/escaVerse/Content/Blueprints/Levels/floor/WaterDropletsMixedBubbled001_GLOSS_4K.uasset" 41
"../../../../../escaVerse-UE4.25.3-project/escaVerse/Content/Blueprints/Levels/floor/WaterDropletsMixedBubbled001_NRM16_4K.uasset" 42
"../../../../../escaVerse-UE4.25.3-project/escaVerse/Content/Blueprints/Levels/floor/WaterDropletsMixedBubbled001_NRM_4K.uasset" 43
"../../../../../escaVerse-UE4.25.3-project/escaVerse/Content/Blueprints/Levels/floor/WaterDropletsMixedBubbled001_REFL_4K.uasset" 44
"../../../../../escaVerse-UE4.25.3-project/escaVerse/Content/Blueprints/Levels/floor/WaterDropletsMixedBubbled001_Sphere.uasset" 45
"../../../../../escaVerse-UE4.25.3-project/escaVerse/Content/Blueprints/Obstacles/Container/box_Albedo.uasset" 46
"../../../../../escaVerse-UE4.25.3-project/escaVerse/Content/Blueprints/Obstacles/Container/box_Metallic.uasset" 47
"../../../../../escaVerse-UE4.25.3-project/escaVerse/Content/Blueprints/Obstacles/Container/box_Normal.uasset" 48
"../../../../../escaVerse-UE4.25.3-project/escaVerse/Content/Blueprints/Obstacles/Container/box_Roughness.uasset" 49
"../../../../../escaVerse-UE4.25.3-project/escaVerse/Content/Blueprints/Obstacles/Container/MAT_Container.uasset" 50
"../../../../../escaVerse-UE4.25.3-project/escaVerse/Content/Blueprints/Obstacles/Container/Container_container.uasset" 51
"../../../../../escaVerse-UE4.25.3-project/escaVerse/Content/Blueprints/Obstacles/BP_Platforms.uasset" 52
"../../../../../escaVerse-UE4.25.3-project/escaVerse/Content/Blueprints/Obstacles/Container/box.uasset" 53
"../../../../../escaVerse-UE4.25.3-project/escaVerse/Content/Blueprints/Obstacles/NPlatforms/TilesMosaicPennyround001_COL_2K.uasset" 54
"../../../../../escaVerse-UE4.25.3-project/escaVerse/Content/Blueprints/Obstacles/NPlatforms/TilesMosaicPennyround001_REFL_2K.uasset" 55
"../../../../../escaVerse-UE4.25.3-project/escaVerse/Content/GoodSky/Source/Textures/T_GoodSky_noise_smooth.uasset" 56
"../../../../../escaVerse-UE4.25.3-project/escaVerse/Content/GoodSky/Source/Materials/Material_Function/MF_GoodSky_LightningFlick.uasset" 57
"../../../../../escaVerse-UE4.25.3-project/escaVerse/Content/GoodSky/Source/Materials/Light_Function/M_GoodSky_StormLightning_LightFunction.uasset" 58
"../../../../../escaVerse-UE4.25.3-project/escaVerse/Content/Mannequin/Animations/ThirdPersonJump_End.uasset" 59
"../../../../../escaVerse-UE4.25.3-project/escaVerse/Content/StarterContent/Materials/M_Basic_Wall.uasset" 60
"../../../../../escaVerse-UE4.25.3-project/escaVerse/Content/StarterContent/Architecture/Pillar_50x500.uasset" 61
"../../../../../escaVerse-UE4.25.3-project/escaVerse/Content/StarterContent/Architecture/Wall_400x300.uasset" 62
"../../../../../escaVerse-UE4.25.3-project/escaVerse/Content/StarterContent/Architecture/Wall_400x400.uasset" 63
"../../../../../escaVerse-UE4.25.3-project/escaVerse/Content/StarterContent/Architecture/Wall_500x500.uasset" 64
"../../../../../escaVerse-UE4.25.3-project/escaVerse/Content/StarterContent/Architecture/Wall_Door_400x400.uasset" 65
"../../../../../escaVerse-UE4.25.3-project/escaVerse/Content/StarterContent/Architecture/Wall_Window_400x400.uasset" 66
"../../../../../escaVerse-UE4.25.3-project/escaVerse/Content/StarterContent/Audio/Collapse01.uasset" 67
"../../../../../escaVerse-UE4.25.3-project/escaVerse/Content/StarterContent/Audio/Collapse02.uasset" 68
"../../../../../escaVerse-UE4.25.3-project/escaVerse/Content/StarterContent/Audio/Explosion01.uasset" 69
"../../../../../escaVerse-UE4.25.3-project/escaVerse/Content/StarterContent/Audio/Explosion02.uasset" 70
"../../../../../escaVerse-UE4.25.3-project/escaVerse/Content/StarterContent/Audio/Fire01.uasset" 71
"../../../../../escaVerse-UE4.25.3-project/escaVerse/Content/StarterContent/Audio/Fire_Sparks01.uasset" 72
"../../../../../escaVerse-UE4.25.3-project/escaVerse/Content/StarterContent/Audio/Light01.uasset" 73
"../../../../../escaVerse-UE4.25.3-project/escaVerse/Content/StarterContent/Audio/Light01_Cue.uasset" 74
"../../../../../escaVerse-UE4.25.3-project/escaVerse/Content/StarterContent/Audio/Light02.uasset" 75
"../../../../../escaVerse-UE4.25.3-project/escaVerse/Content/StarterContent/Audio/Light02_Cue.uasset" 76
"../../../../../escaVerse-UE4.25.3-project/escaVerse/Content/StarterContent/Audio/Smoke01.uasset" 77
"../../../../../escaVerse-UE4.25.3-project/escaVerse/Content/StarterContent/Audio/Starter_Birds01.uasset" 78
"../../../../../escaVerse-UE4.25.3-project/escaVerse/Content/StarterContent/Audio/Starter_Music01.uasset" 79
"../../../../../escaVerse-UE4.25.3-project/escaVerse/Content/StarterContent/Audio/Starter_Wind05.uasset" 80
"../../../../../escaVerse-UE4.25.3-project/escaVerse/Content/StarterContent/Audio/Starter_Wind06.uasset" 81
"../../../../../escaVerse-UE4.25.3-project/escaVerse/Content/StarterContent/Audio/Steam01.uasset" 82
"../../../../../escaVerse-UE4.25.3-project/escaVerse/Content/StarterContent/Audio/Explosion_Cue.uasset" 83
"../../../../../escaVerse-UE4.25.3-project/escaVerse/Content/StarterContent/Textures/T_Burst_M.uasset" 84
"../../../../../escaVerse-UE4.25.3-project/escaVerse/Content/StarterContent/Particles/Materials/M_Burst.uasset" 85
"../../../../../escaVerse-UE4.25.3-project/escaVerse/Content/StarterContent/Textures/T_Explosion_SubUV.uasset" 86
"../../../../../escaVerse-UE4.25.3-project/escaVerse/Content/StarterContent/Particles/Materials/M_explosion_subUV.uasset" 87
"../../../../../escaVerse-UE4.25.3-project/escaVerse/Content/StarterContent/Particles/Materials/m_flare_01.uasset" 88
"../../../Engine/Content/Functions/Engine_MaterialFunctions01/Gradient/RadialGradient.uasset" 89
"../../../../../escaVerse-UE4.25.3-project/escaVerse/Content/StarterContent/Particles/Materials/M_radial_ramp.uasset" 90
"../../../../../escaVerse-UE4.25.3-project/escaVerse/Content/StarterContent/Textures/T_Smoke_SubUV.uasset" 91
"../../../../../escaVerse-UE4.25.3-project/escaVerse/Content/StarterContent/Textures/T_Smoke_Tiled_D.uasset" 92
"../../../../../escaVerse-UE4.25.3-project/escaVerse/Content/StarterContent/Particles/Materials/M_smoke_subUV.uasset" 93
"../../../../../escaVerse-UE4.25.3-project/escaVerse/Content/StarterContent/Particles/P_Explosion.uasset" 94
"../../../../../escaVerse-UE4.25.3-project/escaVerse/Content/StarterContent/Blueprints/Blueprint_Effect_Explosion.uasset" 95
"../../../Engine/Content/EditorMeshes/ColorCalibrator/T_ColorGrid.uasset" 96
"../../../../../escaVerse-UE4.25.3-project/escaVerse/Content/StarterContent/Materials/M_ColorGrid_LowSpec.uasset" 97
"../../../../../escaVerse-UE4.25.3-project/escaVerse/Content/StarterContent/Textures/T_Bush_D.uasset" 98
"../../../../../escaVerse-UE4.25.3-project/escaVerse/Content/StarterContent/Textures/T_Bush_N.uasset" 99
"../../../../../escaVerse-UE4.25.3-project/escaVerse/Content/StarterContent/Props/Materials/M_Bush.uasset" 100
"../../../../../escaVerse-UE4.25.3-project/escaVerse/Content/StarterContent/Props/SM_Bush.uasset" 101
"../../../../../escaVerse-UE4.25.3-project/escaVerse/Content/StarterContent/Textures/T_Chair_M.uasset" 102
"../../../../../escaVerse-UE4.25.3-project/escaVerse/Content/StarterContent/Textures/T_Chair_N.uasset" 103
"../../../../../escaVerse-UE4.25.3-project/escaVerse/Content/StarterContent/Props/Materials/M_Chair.uasset" 104
"../../../../../escaVerse-UE4.25.3-project/escaVerse/Content/StarterContent/Props/SM_Couch.uasset" 105
"../../../../../escaVerse-UE4.25.3-project/escaVerse/Content/StarterContent/Materials/M_Glass.uasset" 106
"../../../../../escaVerse-UE4.25.3-project/escaVerse/Content/StarterContent/Textures/T_Door_M.uasset" 107
"../../../../../escaVerse-UE4.25.3-project/escaVerse/Content/StarterContent/Textures/T_Door_N.uasset" 108
"../../../../../escaVerse-UE4.25.3-project/escaVerse/Content/StarterContent/Props/Materials/M_Door.uasset" 109
"../../../../../escaVerse-UE4.25.3-project/escaVerse/Content/StarterContent/Props/SM_Door.uasset" 110
"../../../../../escaVerse-UE4.25.3-project/escaVerse/Content/StarterContent/Props/Materials/M_MaterialSphere.uasset" 111
"../../../../../escaVerse-UE4.25.3-project/escaVerse/Content/StarterContent/Props/Materials/M_MaterialSphere_Plain.uasset" 112
"../../../../../escaVerse-UE4.25.3-project/escaVerse/Content/StarterContent/Props/SM_MatPreviewMesh_02.uasset" 113
"../../../../../escaVerse-UE4.25.3-project/escaVerse/Content/StarterContent/Textures/T_Detail_Rocky_N.uasset" 114
"../../../../../escaVerse-UE4.25.3-project/escaVerse/Content/StarterContent/Textures/T_Rock_Basalt_D.uasset" 115
"../../../../../escaVerse-UE4.25.3-project/escaVerse/Content/StarterContent/Textures/T_RockMesh_M.uasset" 116
"../../../../../escaVerse-UE4.25.3-project/escaVerse/Content/StarterContent/Textures/T_RockMesh_N.uasset" 117
"../../../../../escaVerse-UE4.25.3-project/escaVerse/Content/StarterContent/Props/Materials/M_Rock.uasset" 118
"../../../../../escaVerse-UE4.25.3-project/escaVerse/Content/StarterContent/Props/SM_Rock.uasset" 119
"../../../../../escaVerse-UE4.25.3-project/escaVerse/Content/StarterContent/Textures/T_Shelf_M.uasset" 120
"../../../../../escaVerse-UE4.25.3-project/escaVerse/Content/StarterContent/Textures/T_Shelf_N.uasset" 121
"../../../../../escaVerse-UE4.25.3-project/escaVerse/Content/StarterContent/Props/Materials/M_Shelf.uasset" 122
"../../../../../escaVerse-UE4.25.3-project/escaVerse/Content/StarterContent/Props/SM_Shelf.uasset" 123
"../../../../../escaVerse-UE4.25.3-project/escaVerse/Content/StarterContent/Materials/M_Basic_Floor.uasset" 124
"../../../../../escaVerse-UE4.25.3-project/escaVerse/Content/StarterContent/Props/SM_Stairs.uasset" 125
"../../../../../escaVerse-UE4.25.3-project/escaVerse/Content/StarterContent/Shapes/Shape_Cone.uasset" 126
"../../../../../escaVerse-UE4.25.3-project/escaVerse/Content/StarterContent/Shapes/Shape_Cylinder.uasset" 127
"../../../../../escaVerse-UE4.25.3-project/escaVerse/Content/StarterContent/Shapes/Shape_NarrowCapsule.uasset" 128
"../../../../../escaVerse-UE4.25.3-project/escaVerse/Content/StarterContent/Shapes/Shape_Pipe.uasset" 129
"../../../../../escaVerse-UE4.25.3-project/escaVerse/Content/StarterContent/Shapes/Shape_Pipe_180.uasset" 130
"../../../../../escaVerse-UE4.25.3-project/escaVerse/Content/StarterContent/Shapes/Shape_Pipe_90.uasset" 131
"../../../../../escaVerse-UE4.25.3-project/escaVerse/Content/StarterContent/Shapes/Shape_Plane.uasset" 132
"../../../../../escaVerse-UE4.25.3-project/escaVerse/Content/StarterContent/Shapes/Shape_Torus.uasset" 133
"../../../../../escaVerse-UE4.25.3-project/escaVerse/Content/StarterContent/Shapes/Shape_Trim.uasset" 134
"../../../../../escaVerse-UE4.25.3-project/escaVerse/Content/StarterContent/Shapes/Shape_Trim_90_In.uasset" 135
"../../../../../escaVerse-UE4.25.3-project/escaVerse/Content/StarterContent/Shapes/Shape_Trim_90_Out.uasset" 136
"../../../../../escaVerse-UE4.25.3-project/escaVerse/Content/StarterContent/Shapes/Shape_TriPyramid.uasset" 137
"../../../../../escaVerse-UE4.25.3-project/escaVerse/Content/StarterContent/Shapes/Shape_Tube.uasset" 138
"../../../../../escaVerse-UE4.25.3-project/escaVerse/Content/StarterContent/Shapes/Shape_Wedge_A.uasset" 139
"../../../../../escaVerse-UE4.25.3-project/escaVerse/Content/StarterContent/Shapes/Shape_Wedge_B.uasset" 140
"../../../../../escaVerse-UE4.25.3-project/escaVerse/Content/StarterContent/Shapes/Shape_WideCapsule.uasset" 141
"../../../Engine/Content/Animation/DefaultAnimCurveCompressionSettings.uasset" 142
"../../../Engine/Content/Functions/Engine_MaterialFunctions01/Opacity/CameraDepthFade.uasset" 143
"../../../Engine/Content/EngineMaterials/T_Default_Material_Grid_M.uasset" 144
"../../../Engine/Content/EngineMaterials/T_Default_Material_Grid_N.uasset" 145
"../../../Engine/Content/EngineMaterials/WorldGridMaterial.uasset" 146
"../../../Engine/Content/ArtTools/RenderToTexture/Meshes/S_1_Unit_Plane.uasset" 147
"../../../Engine/Content/EngineMaterials/DefaultMaterial.uasset" 148
"../../../Engine/Content/BasicShapes/Cone.uasset" 149
"../../../Engine/Content/BasicShapes/Cylinder.uasset" 150
"../../../Engine/Content/EditorLandscapeResources/DataLayer.uasset" 151
"../../../Engine/Content/EditorMaterials/MAT_Groups_Toggle.uasset" 152
"../../../Engine/Content/EditorMaterials/MAT_Groups_Visibility.uasset" 153
"../../../Engine/Content/EditorMaterials/PreviewShadowIndicator.uasset" 154
"../../../Engine/Content/EditorMaterials/PreviewShadowIndicatorMaterial.uasset" 155
"../../../Engine/Content/EditorMaterials/MatineeGroups/MAT_ColorTrack.uasset" 156
"../../../Engine/Content/EditorMaterials/MatineeGroups/MAT_Groups_Anim.uasset" 157
"../../../Engine/Content/EditorMaterials/MatineeGroups/MAT_Groups_AudioMaster.uasset" 158
"../../../Engine/Content/EditorMaterials/MatineeGroups/MAT_Groups_Director.uasset" 159
"../../../Engine/Content/EditorMaterials/MatineeGroups/MAT_Groups_Event.uasset" 160
"../../../Engine/Content/EditorMaterials/MatineeGroups/MAT_Groups_Fade.uasset" 161
"../../../Engine/Content/EditorMaterials/MatineeGroups/MAT_Groups_Float.uasset" 162
"../../../Engine/Content/EditorMaterials/MatineeGroups/MAT_Groups_Move.uasset" 163
"../../../Engine/Content/EditorMaterials/MatineeGroups/MAT_Groups_Slomo.uasset" 164
"../../../Engine/Content/EditorMaterials/MatineeGroups/MAT_Groups_Sound.uasset" 165
"../../../Engine/Content/EditorMaterials/MatineeGroups/MAT_Groups_Vector.uasset" 166
"../../../Engine/Content/EditorMaterials/ParticleSystems/PSysThumbnail_NoImage.uasset" 167
"../../../Engine/Content/EditorMaterials/ParticleSystems/PSysThumbnail_OOD.uasset" 168
"../../../Engine/Content/EditorMaterials/Camera/CineMat.uasset" 169
"../../../Engine/Content/EditorMaterials/Camera/MI_CineMat_Rig.uasset" 170
"../../../Engine/Content/EditorMeshes/Camera/SM_CraneRig_Arm.uasset" 171
"../../../Engine/Content/EditorMeshes/Camera/SM_CraneRig_Base.uasset" 172
"../../../Engine/Content/EditorMeshes/Camera/SM_CraneRig_Body.uasset" 173
"../../../Engine/Content/EditorMeshes/Camera/SM_CraneRig_Mount.uasset" 174
"../../../Engine/Content/EditorMeshes/Camera/SM_RailRig_Mount.uasset" 175
"../../../Engine/Content/EditorMeshes/Camera/SM_RailRig_Track.uasset" 176
"../../../Engine/Content/EditorResources/BSPVertex.uasset" 177
"../../../Engine/Content/EditorResources/EmptyActor.uasset" 178
"../../../Engine/Content/EditorResources/S_Actor.uasset" 179
"../../../Engine/Content/EditorResources/S_Note.uasset" 180
"../../../Engine/Content/EditorResources/S_Solver.uasset" 181
"../../../Engine/Content/EditorResources/S_Trigger.uasset" 182
"../../../Engine/Content/EditorResources/AudioIcons/S_AudioComponent.uasset" 183
"../../../Engine/Content/EditorResources/AudioIcons/S_AudioComponent_AutoActivate.uasset" 184
"../../../Engine/Content/EditorResources/LightIcons/S_LightError.uasset" 185
"../../../Engine/Content/EditorResources/SequenceRecorder/Countdown.uasset" 186
"../../../Engine/Content/EditorResources/SequenceRecorder/RecordingIndicator.uasset" 187
"../../../Engine/Content/EditorSounds/Notifications/CompileFailed.uasset" 188
"../../../Engine/Content/EditorSounds/Notifications/CompileFailed_Cue.uasset" 189
"../../../Engine/Content/EditorSounds/Notifications/CompileSuccess.uasset" 190
"../../../Engine/Content/EditorSounds/Notifications/CompileStart_Cue.uasset" 191
"../../../Engine/Content/EditorSounds/Notifications/CompileSuccess_Cue.uasset" 192
"../../../Engine/Content/EngineDamageTypes/DmgTypeBP_Environmental.uasset" 193
"../../../Engine/Content/EngineDebugMaterials/DebugEditorMaterial.uasset" 194
"../../../Engine/Content/EngineDebugMaterials/DebugMeshMaterial.uasset" 195
"../../../Engine/Content/EngineDebugMaterials/M_SimpleUnlitTranslucent.uasset" 196
"../../../Engine/Content/Functions/Engine_MaterialFunctions02/Utility/CameraDirectionVector.uasset" 197
"../../../Engine/Content/EngineDebugMaterials/VolumeToRender.uasset" 198
"../../../Engine/Content/EngineDebugMaterials/M_VolumeRenderSphereTracePP.uasset" 199
"../../../Engine/Content/EngineDebugMaterials/WireframeMaterial.uasset" 200
"../../../Engine/Content/EngineFonts/Faces/DroidSansFallback.uasset" 201
"../../../Engine/Content/EngineFonts/Faces/RobotoBold.uasset" 202
"../../../Engine/Content/EngineFonts/Faces/RobotoBoldItalic.uasset" 203
"../../../Engine/Content/EngineFonts/Faces/RobotoItalic.uasset" 204
"../../../Engine/Content/EngineFonts/Faces/RobotoLight.uasset" 205
"../../../Engine/Content/EngineFonts/Faces/RobotoRegular.uasset" 206
"../../../Engine/Content/EngineFonts/Roboto.uasset" 207
"../../../Engine/Content/EngineMaterials/BaseFlattenDiffuseMap.uasset" 208
"../../../Engine/Content/EngineMaterials/BaseFlattenEmissiveMap.uasset" 209
"../../../Engine/Content/EngineMaterials/BaseFlattenGrayscaleMap.uasset" 210
"../../../Engine/Content/EngineMaterials/BaseFlattenNormalMap.uasset" 211
"../../../Engine/Content/EngineMaterials/BaseFlattenMaterial.uasset" 212
"../../../Engine/Content/EngineMaterials/BlueNoise.uasset" 213
"../../../Engine/Content/EngineMaterials/DefaultBloomKernel.uasset" 214
"../../../Engine/Content/EngineMaterials/DefaultBokeh.uasset" 215
"../../../Engine/Content/EngineMaterials/DefaultDiffuse.uasset" 216
"../../../Engine/Content/EngineMaterials/DefaultDeferredDecalMaterial.uasset" 217
"../../../Engine/Content/EngineMaterials/DefaultLightFunctionMaterial.uasset" 218
"../../../Engine/Content/EngineMaterials/DefaultPhysicalMaterial.uasset" 219
"../../../Engine/Content/Functions/Engine_MaterialFunctions02/Utility/BreakOutFloat2Components.uasset" 220
"../../../Engine/Content/EngineMaterials/DefaultPostProcessMaterial.uasset" 221
"../../../Engine/Content/EngineFonts/RobotoDistanceField.uasset" 222
"../../../Engine/Content/EngineMaterials/DefaultTextMaterialOpaque.uasset" 223
"../../../Engine/Content/EngineMaterials/DefaultWhiteGrid.uasset" 224
"../../../Engine/Content/EngineMaterials/DefaultWhiteGrid_Low.uasset" 225
"../../../Engine/Content/EngineMaterials/EmissiveMeshMaterial.uasset" 226
"../../../Engine/Content/EngineMaterials/GizmoMaterial.uasset" 227
"../../../Engine/Content/EngineMaterials/Good64x64TilingNoiseHighFreq.uasset" 228
"../../../Engine/Content/EngineMaterials/MiniFont.uasset" 229
"../../../Engine/Content/EngineMaterials/InvalidLightmapSettings.uasset" 230
"../../../Engine/Content/EngineMaterials/M_InvalidLightmapSettings.uasset" 231
"../../../Engine/Content/Functions/Engine_MaterialFunctions02/WorldPositionOffset/CameraOffset.uasset" 232
"../../../Engine/Content/EngineMaterials/PhAT_JointLimitMaterial.uasset" 233
"../../../Engine/Content/EngineMaterials/PreintegratedSkinBRDF.uasset" 234
"../../../Engine/Content/EngineMaterials/RemoveSurfaceMaterial.uasset" 235
"../../../Engine/Content/EngineMaterials/WeightMapPlaceholderTexture.uasset" 236
"../../../Engine/Content/EngineResources/WhiteSquareTexture.uasset" 237
"../../../Engine/Content/EngineMaterials/Widget3DPassThrough.uasset" 238
"../../../Engine/Content/EngineMaterials/Widget3DPassThrough_Masked.uasset" 239
"../../../Engine/Content/EngineMaterials/Widget3DPassThrough_Opaque.uasset" 240
"../../../Engine/Content/EngineMaterials/Widget3DPassThrough_Masked_OneSided.uasset" 241
"../../../Engine/Content/EngineMaterials/Widget3DPassThrough_Opaque_OneSided.uasset" 242
"../../../Engine/Content/EngineMaterials/Widget3DPassThrough_Translucent.uasset" 243
"../../../Engine/Content/EngineMaterials/Widget3DPassThrough_Translucent_OneSided.uasset" 244
"../../../Engine/Content/EngineMeshes/Cylinder.uasset" 245
"../../../Engine/Content/EngineMeshes/Sphere.uasset" 246
"../../../Engine/Content/EngineResources/Black.uasset" 247
"../../../Engine/Content/EngineResources/DefaultTexture.uasset" 248
"../../../Engine/Content/EngineResources/DefaultTextureCube.uasset" 249
"../../../Engine/Content/EngineResources/DefaultVolumeTexture2D.uasset" 250
"../../../Engine/Content/EngineResources/DefaultVolumeTexture.uasset" 251
"../../../Engine/Content/EngineResources/GradientTexture0.uasset" 252
"../../../Engine/Content/EngineSounds/Master.uasset" 253
"../../../Engine/Content/Functions/Engine_MaterialFunctions01/Shading/ConvertFromDiffSpec.uasset" 254
"../../../Engine/Content/Functions/Engine_MaterialFunctions01/Shading/PowerToRoughness.uasset" 255
"../../../Engine/Content/Maps/Templates/Thumbnails/Default.uasset" 256
"../../../Engine/Content/Maps/Templates/Thumbnails/TimeOfDay.uasset" 257
"../../../Engine/Content/Maps/Templates/Thumbnails/VR-Basic.uasset" 258
"../../../Engine/Content/MobileResources/T_MobileControls_texture.uasset" 259
"../../../Engine/Content/MobileResources/T_MobileMenu2.uasset" 260
"../../../Engine/Content/MobileResources/HUD/AnalogHat.uasset" 261
"../../../Engine/Content/MobileResources/HUD/VirtualJoystick_Background.uasset" 262
"../../../Engine/Content/MobileResources/HUD/VirtualJoystick_Thumb.uasset" 263
"../../../Engine/Content/MobileResources/HUD/DefaultVirtualJoysticks.uasset" 264
"../../../Engine/Content/MobileResources/HUD/LeftVirtualJoystickOnly.uasset" 265
"../../../Engine/Content/MobileResources/HUD/MobileHUDButton1_off.uasset" 266
"../../../Engine/Content/MobileResources/HUD/MobileHUDButton1_on.uasset" 267
"../../../Engine/Content/MobileResources/HUD/MobileHUDButton2_off.uasset" 268
"../../../Engine/Content/MobileResources/HUD/MobileHUDButton2_on.uasset" 269
"../../../Engine/Content/MobileResources/HUD/MobileHUDButton3.uasset" 270
"../../../Engine/Content/MobileResources/HUD/MobileHUDButtonFire.uasset" 271
"../../../Engine/Content/MobileResources/HUD/MobileHUDDirectionPad.uasset" 272
"../../../Engine/Content/MobileResources/HUD/MobileHUDDirectionPad2.uasset" 273
"../../../Engine/Content/MobileResources/HUD/MobileHUDDirectionPad3.uasset" 274
"../../../Engine/Content/MobileResources/HUD/MobileHUDDirectionStick.uasset" 275
"../../../Engine/Content/MobileResources/HUD/T_Castle_ThumbstickInner.uasset" 276
"../../../Engine/Content/MobileResources/HUD/T_Castle_ThumbstickOutter.uasset" 277
"../../../Engine/Content/Tutorial/ContentIntroCurve.uasset" 278
"../../../Engine/Content/Tutorial/Basics/LevelEditorAttract.uasset" 279
"../../../Engine/Content/Tutorial/Basics/TutorialAssets/icon_tab_Levels_40x.uasset" 280
"../../../Engine/Content/Tutorial/Basics/LevelEditorOverview.uasset" 281
"../../../Engine/Content/Tutorial/BlueprintTutorials/TutorialAssets/Blueprint_64x.uasset" 282
"../../../Engine/Content/Tutorial/BlueprintTutorials/BlueprintEditorTutorial.uasset" 283
"../../../Engine/Content/VREditor/LaserPointer/VR_LaserPower_01.uasset" 284
"../../../Engine/Content/VREditor/TransformGizmo/TransformGizmoMaterial.uasset" 285
"../../../Engine/Content/VREditor/TransformGizmo/TranslucentTransformGizmoMaterial.uasset" 286
"../../../Engine/Content/VREditor/TransformGizmo/BoundingBoxCorner.uasset" 287
"../../../Engine/Content/VREditor/TransformGizmo/BoundingBoxEdge.uasset" 288
"../../../Engine/Content/VREditor/TransformGizmo/PlaneTranslationHandle.uasset" 289
"../../../Engine/Content/VREditor/TransformGizmo/Main.uasset" 290
"../../../Engine/Content/VREditor/TransformGizmo/Xray.uasset" 291
"../../../Engine/Content/VREditor/TransformGizmo/SM_Sequencer_Key.uasset" 292
"../../../Engine/Content/VREditor/TransformGizmo/SM_Sequencer_Node.uasset" 293
"../../Plugins/2D/Paper2D/Content/PlaceholderTextures/DummySpriteTexture.uasset" 294
"../../Plugins/2D/Paper2D/Content/DummySprite.uasset" 295
"../../Plugins/2D/Paper2D/Content/DefaultPaperTerrainMaterial.uasset" 296
"../../Plugins/2D/Paper2D/Content/DefaultSpriteMaterial.uasset" 297
"../../Plugins/2D/Paper2D/Content/MaskedUnlitSpriteMaterial.uasset" 298
"../../Plugins/2D/Paper2D/Content/OpaqueUnlitSpriteMaterial.uasset" 299
"../../Plugins/FX/Niagara/Content/Enums/ENiagaraBooleanLogicOps.uasset" 300
"../../Plugins/FX/Niagara/Content/Enums/ENiagaraCoordinateSpace.uasset" 301
"../../Plugins/FX/Niagara/Content/Enums/ENiagaraExpansionMode.uasset" 302
"../../Plugins/FX/Niagara/Content/Enums/ENiagaraOrientationAxis.uasset" 303
"../../Plugins/FX/Niagara/Content/Enums/ENiagaraRandomnessMode.uasset" 304
"../../../Engine/Content/Functions/Engine_MaterialFunctions02/Utility/BreakOutFloat4Components.uasset" 305
"../../../Engine/Content/Functions/Engine_MaterialFunctions02/Utility/MakeFloat2.uasset" 306
"../../../Engine/Content/Functions/Engine_MaterialFunctions02/Utility/MakeFloat3.uasset" 307
"../../Plugins/Runtime/Oculus/OculusVR/Content/Materials/OculusMR_ChromaKey.uasset" 308
"../../Plugins/Runtime/Oculus/OculusVR/Content/Materials/OculusMR_ChromaKey_Lit.uasset" 309
"../../Plugins/Runtime/Oculus/OculusVR/Content/Materials/OculusMR_OpaqueColoredMaterial.uasset" 310
"../../Plugins/Runtime/Oculus/OculusVR/Content/Materials/OculusMR_WhiteMaterial.uasset" 311
"../../../../../escaVerse-UE4.25.3-project/escaVerse/Content/GoodSky/Source/Data/Curve/Curve_GoodSky_Stars.uasset" 312
"../../../../../escaVerse-UE4.25.3-project/escaVerse/Content/GoodSky/Source/Data/Curve/Curve_GoodSky_SunLight.uasset" 313
"../../../../../escaVerse-UE4.25.3-project/escaVerse/Content/GoodSky/Source/Data/Curve/Curve_GoodSky_AllOverlayColor.uasset" 314
"../../../../../escaVerse-UE4.25.3-project/escaVerse/Content/GoodSky/Source/Data/Curve/Curve_GoodSky_BaseCloudColor.uasset" 315
"../../../../../escaVerse-UE4.25.3-project/escaVerse/Content/GoodSky/Source/Data/Curve/Curve_GoodSky_DomeColor.uasset" 316
"../../../../../escaVerse-UE4.25.3-project/escaVerse/Content/GoodSky/Source/Data/Curve/Curve_GoodSky_horizon_Color.uasset" 317
"../../../../../escaVerse-UE4.25.3-project/escaVerse/Content/GoodSky/Source/Data/Curve/Curve_GoodSky_SunDirection_Vector.uasset" 318
"../../../../../escaVerse-UE4.25.3-project/escaVerse/Content/GoodSky/Source/Data/Curve/Curve_GoodSky_SunDirection_Vector1.uasset" 319
"../../../../../escaVerse-UE4.25.3-project/escaVerse/Content/GoodSky/Source/Data/Structure/Structure_GoodSky.uasset" 320
"../../../../../escaVerse-UE4.25.3-project/escaVerse/Content/GoodSky/Source/Data/DataTable/DataTable_GoodSky.uasset" 321
"../../../../../escaVerse-UE4.25.3-project/escaVerse/Content/GoodSky/Source/ArrowTool/T_GoodSky_SkyRing.uasset" 322
"../../../../../escaVerse-UE4.25.3-project/escaVerse/Content/GoodSky/Source/ArrowTool/M_GoodSky_SkyRing_.uasset" 323
"../../../../../escaVerse-UE4.25.3-project/escaVerse/Content/GoodSky/Source/ArrowTool/M_GoodSky_Sun_Emissive.uasset" 324
"../../../Engine/Content/Functions/Engine_MaterialFunctions01/Gradient/LinearGradient.uasset" 325
"../../../../../escaVerse-UE4.25.3-project/escaVerse/Content/GoodSky/Source/Materials/Material_Function/MF_GoodSky_SkyDomeAlpha.uasset" 326
"../../../../../escaVerse-UE4.25.3-project/escaVerse/Content/GoodSky/Source/Textures/T_GoodSky_clouds_A.uasset" 327
"../../../../../escaVerse-UE4.25.3-project/escaVerse/Content/GoodSky/Source/Textures/T_GoodSky_clouds_B.uasset" 328
"../../../../../escaVerse-UE4.25.3-project/escaVerse/Content/GoodSky/Source/Textures/T_GoodSky_clouds_sphere.uasset" 329
"../../../../../escaVerse-UE4.25.3-project/escaVerse/Content/GoodSky/Source/Materials/Material_Function/MF_GoodSky_Clouds_Setting.uasset" 330
"../../../../../escaVerse-UE4.25.3-project/escaVerse/Content/GoodSky/Source/Materials/Material_Function/MF_GoodSky_Global_Setting.uasset" 331
"../../../../../escaVerse-UE4.25.3-project/escaVerse/Content/GoodSky/Source/Materials/Material_Function/MF_GoodSky_Time.uasset" 332
"../../../../../escaVerse-UE4.25.3-project/escaVerse/Content/GoodSky/Source/Materials/Material_Function/MF_GoodSky_Top_part_alpha.uasset" 333
"../../../../../escaVerse-UE4.25.3-project/escaVerse/Content/GoodSky/Source/Textures/T_GoodSky_clouds_F.uasset" 334
"../../../../../escaVerse-UE4.25.3-project/escaVerse/Content/GoodSky/Source/Materials/M_GoodSky_Base.uasset" 335
"../../../Engine/Content/Functions/Engine_MaterialFunctions01/Density/ExponentialDensity.uasset" 336
"../../../Engine/Content/Functions/Engine_MaterialFunctions01/Gradient/RadialGradientExponential.uasset" 337
"../../../Engine/Content/Functions/Engine_MaterialFunctions01/Texturing/ScaleUVsAroundPoint.uasset" 338
"../../../../../escaVerse-UE4.25.3-project/escaVerse/Content/GoodSky/Source/Textures/T_GoodSky_Moon.uasset" 339
"../../../../../escaVerse-UE4.25.3-project/escaVerse/Content/GoodSky/Source/Materials/Material_Function/MF_GoodSky_Moon_Setting.uasset" 340
"../../../../../escaVerse-UE4.25.3-project/escaVerse/Content/GoodSky/Source/Materials/M_GoodSky_Moon.uasset" 341
"../../../Engine/Content/Functions/Engine_MaterialFunctions01/ImageAdjustment/DeriveHDRfromLDR.uasset" 342
"../../../Engine/Content/Functions/Engine_MaterialFunctions01/Texturing/ComputeMipLevel.uasset" 343
"../../../Engine/Content/Functions/Engine_MaterialFunctions01/Texturing/TextureCropping.uasset" 344
"../../../Engine/Content/Functions/Engine_MaterialFunctions02/Utility/BreakOutFloat3Components.uasset" 345
"../../../Engine/Content/Functions/Engine_MaterialFunctions02/ExampleContent/DebugNumberStrip.uasset" 346
"../../../Engine/Content/Functions/Engine_MaterialFunctions02/ExampleContent/Textures/DebugNumberPeriod.uasset" 347
"../../../Engine/Content/Functions/Engine_MaterialFunctions02/Utility/DebugScalarValues.uasset" 348
"../../../Engine/Content/Functions/Engine_MaterialFunctions02/Utility/DebugFloat3Values.uasset" 349
"../../../Engine/Content/Functions/Engine_MaterialFunctions02/Math/RGBtoHSV.uasset" 350
"../../../../../escaVerse-UE4.25.3-project/escaVerse/Content/GoodSky/Source/Textures/T_GoodSky_Lightning.uasset" 351
"../../../../../escaVerse-UE4.25.3-project/escaVerse/Content/GoodSky/Source/Materials/M_GoodSky_Storm.uasset" 352
"../../../../../escaVerse-UE4.25.3-project/escaVerse/Content/GoodSky/Source/Textures/T_GoodSky_Stars.uasset" 353
"../../../../../escaVerse-UE4.25.3-project/escaVerse/Content/GoodSky/Source/Materials/M_GoodSky_Sun_Stars.uasset" 354
"../../../../../escaVerse-UE4.25.3-project/escaVerse/Content/GoodSky/Source/Materials/M_GoodSky_Sun_Stars_Moon.uasset" 355
"../../../Engine/Content/BasicShapes/Plane.uasset" 356
"../../../Engine/Content/BasicShapes/Sphere.uasset" 357
"../../../../../escaVerse-UE4.25.3-project/escaVerse/Content/GoodSky/Source/ArrowTool/SM_GoodSky_StarMesh.uasset" 358
"../../../../../escaVerse-UE4.25.3-project/escaVerse/Content/GoodSky/Source/Data/Enum/Enum_GoodSky_Clouds_Coverage.uasset" 359
"../../../../../escaVerse-UE4.25.3-project/escaVerse/Content/GoodSky/Source/Data/Enum/Enum_GoodSky_Effects.uasset" 360
"../../../../../escaVerse-UE4.25.3-project/escaVerse/Content/GoodSky/Source/Data/Enum/Enum_GoodSky_MeshType.uasset" 361
"../../../../../escaVerse-UE4.25.3-project/escaVerse/Content/GoodSky/Source/Data/Enum/Enum_GoodSky_Preset.uasset" 362
"../../../../../escaVerse-UE4.25.3-project/escaVerse/Content/GoodSky/Source/Data/Enum/Enum_GoodSky_Style_Clouds.uasset" 363
"../../../../../escaVerse-UE4.25.3-project/escaVerse/Content/GoodSky/Source/Mesh/SM_GoodSky_Hemisphere.uasset" 364
"../../../../../escaVerse-UE4.25.3-project/escaVerse/Content/GoodSky/Source/Mesh/SM_GoodSky_Sphere.uasset" 365
"../../../../../escaVerse-UE4.25.3-project/escaVerse/Content/GoodSky/Source/Textures/T_GoodSky_clouds_C.uasset" 366
"../../../../../escaVerse-UE4.25.3-project/escaVerse/Content/GoodSky/Source/Textures/T_GoodSky_clouds_D.uasset" 367
"../../../../../escaVerse-UE4.25.3-project/escaVerse/Content/GoodSky/Source/Textures/T_GoodSky_clouds_E.uasset" 368
"../../../../../escaVerse-UE4.25.3-project/escaVerse/Content/GoodSky/Blueprint/BP_GoodSky.uasset" 369
"../../../../../escaVerse-UE4.25.3-project/escaVerse/Content/Blueprints/Levels/floor/WaterDropletsMixedBubbled001_COL_4K.uasset" 370
"../../../../../escaVerse-UE4.25.3-project/escaVerse/Content/Blueprints/Levels/floor/WaterDropletsMixedBubbled001_DISP_4K.uasset" 371
"../../../../../escaVerse-UE4.25.3-project/escaVerse/Content/Blueprints/Levels/floor/MAT_Raindrops.uasset" 372
"../../../../../escaVerse-UE4.25.3-project/escaVerse/Content/Blueprints/Obstacles/NPlatforms/TilesMosaicPennyround001_AO_2K.uasset" 373
"../../../../../escaVerse-UE4.25.3-project/escaVerse/Content/Blueprints/Obstacles/NPlatforms/TilesMosaicPennyround001_BUMP_2K.uasset" 374
"../../../../../escaVerse-UE4.25.3-project/escaVerse/Content/Blueprints/Obstacles/NPlatforms/TilesMosaicPennyround001_DISP_2K.uasset" 375
"../../../../../escaVerse-UE4.25.3-project/escaVerse/Content/Blueprints/Obstacles/NPlatforms/TilesMosaicPennyround001_GLOSS_2K.uasset" 376
"../../../../../escaVerse-UE4.25.3-project/escaVerse/Content/Blueprints/Obstacles/NPlatforms/TilesMosaicPennyround001_IDMAP_2K.uasset" 377
"../../../../../escaVerse-UE4.25.3-project/escaVerse/Content/Blueprints/Obstacles/NPlatforms/TilesMosaicPennyround001_NRM_2K.uasset" 378
"../../../../../escaVerse-UE4.25.3-project/escaVerse/Content/Blueprints/Obstacles/NPlatforms/MAT_NPlat.uasset" 379
"../../../Engine/Content/BasicShapes/Cube.uasset" 380
"../../../../../escaVerse-UE4.25.3-project/escaVerse/Content/Geometry/Meshes/CubeMaterial.uasset" 381
"../../../../../escaVerse-UE4.25.3-project/escaVerse/Content/Geometry/Meshes/1M_Cube.uasset" 382
"../../../../../escaVerse-UE4.25.3-project/escaVerse/Content/Blueprints/Levels/BP_Lvl1.uasset" 383
"../../../../../escaVerse-UE4.25.3-project/escaVerse/Content/StarterContent/Shapes/Shape_QuadPyramid.uasset" 384
"../../../../../escaVerse-UE4.25.3-project/escaVerse/Content/Blueprints/Obstacles/BP_NPlatforms.uasset" 385
"../../../../../escaVerse-UE4.25.3-project/escaVerse/Content/Blueprints/Levels/BP_Lvl2.uasset" 386
"../../../../../escaVerse-UE4.25.3-project/escaVerse/Content/Blueprints/Levels/BP_Lvl3.uasset" 387
"../../../../../escaVerse-UE4.25.3-project/escaVerse/Content/Blueprints/Levels/BP_Lvl4.uasset" 388
"../../../../../escaVerse-UE4.25.3-project/escaVerse/Content/Blueprints/Levels/BP_Lvl5.uasset" 389
"../../../../../escaVerse-UE4.25.3-project/escaVerse/Content/Blueprints/Levels/BP_SpawnLvl.uasset" 390
"../../../../../escaVerse-UE4.25.3-project/escaVerse/Content/Blueprints/Obstacles/BP_EndWall.uasset" 391
"../../../../../escaVerse-UE4.25.3-project/escaVerse/Content/Maps/Gameplay_BuiltData.uasset" 392
"../../../../../escaVerse-UE4.25.3-project/escaVerse/Content/Blueprints/Levels/rain/raintexture_01.uasset" 393
"../../../../../escaVerse-UE4.25.3-project/escaVerse/Content/Blueprints/Levels/rain/MAT_Rain.uasset" 394
"../../../../../escaVerse-UE4.25.3-project/escaVerse/Content/Blueprints/Levels/rain/MAT_Rain_Inst.uasset" 395
"../../../Engine/Content/MapTemplates/SM_Template_Map_Floor.uasset" 396
"../../../../../escaVerse-UE4.25.3-project/escaVerse/Content/Maps/Gameplay.umap" 397
"../../../../../escaVerse-UE4.25.3-project/escaVerse/Content/GoodSky/Source/UI/WB_GoodSky_Menu.uasset" 398
"../../../../../escaVerse-UE4.25.3-project/escaVerse/Content/GoodSky/Maps/Level_GoodSky_Showcase.umap" 399
"../../../../../escaVerse-UE4.25.3-project/escaVerse/Content/StarterContent/Blueprints/Assets/FogBrightnessLUT.uasset" 400
"../../../../../escaVerse-UE4.25.3-project/escaVerse/Content/StarterContent/Blueprints/Assets/SunlightColorLUT.uasset" 401
"../../../../../escaVerse-UE4.25.3-project/escaVerse/Content/StarterContent/Blueprints/Assets/M_LightStage_Arrows.uasset" 402
"../../../Engine/Content/MapTemplates/Sky/DaylightAmbientCubemap.uasset" 403
"../../../../../escaVerse-UE4.25.3-project/escaVerse/Content/StarterContent/Blueprints/Assets/M_LightStage_Skybox_Master.uasset" 404
"../../../../../escaVerse-UE4.25.3-project/escaVerse/Content/StarterContent/Blueprints/Assets/M_LightStage_Skybox_Black.uasset" 405
"../../../../../escaVerse-UE4.25.3-project/escaVerse/Content/StarterContent/Blueprints/Assets/M_LightStage_Skybox_HDRI.uasset" 406
"../../../Engine/Content/EditorMaterials/Thumbnails/SkySphereMaterial.uasset" 407
"../../../../../escaVerse-UE4.25.3-project/escaVerse/Content/StarterContent/Blueprints/Assets/Skybox.uasset" 408
"../../../../../escaVerse-UE4.25.3-project/escaVerse/Content/StarterContent/Blueprints/Assets/SM_Arrows.uasset" 409
"../../../../../escaVerse-UE4.25.3-project/escaVerse/Content/StarterContent/HDRI/HDRI_Epic_Courtyard_Daylight.uasset" 410
"../../../../../escaVerse-UE4.25.3-project/escaVerse/Content/StarterContent/Blueprints/BP_LightStudio.uasset" 411
"../../../../../escaVerse-UE4.25.3-project/escaVerse/Content/StarterContent/Maps/Advanced_Lighting_BuiltData.uasset" 412
"../../../../../escaVerse-UE4.25.3-project/escaVerse/Content/StarterContent/Materials/M_AssetPlatform.uasset" 413
"../../../Engine/Content/EditorMeshes/ColorCalibrator/M_ChromeBall.uasset" 414
"../../../Engine/Content/EditorMeshes/ColorCalibrator/M_ClearCoat.uasset" 415
"../../../Engine/Content/EditorMeshes/ColorCalibrator/M_ClearCoatBlack.uasset" 416
"../../../Engine/Content/EditorMeshes/ColorCalibrator/Color_checker.uasset" 417
"../../../Engine/Content/EditorMeshes/ColorCalibrator/M_ColorGrid.uasset" 418
"../../../Engine/Content/EditorMeshes/ColorCalibrator/M_GreyBall.uasset" 419
"../../../Engine/Content/EditorMeshes/ColorCalibrator/SM_ColorCalibrator.uasset" 420
"../../../../../escaVerse-UE4.25.3-project/escaVerse/Content/StarterContent/Architecture/SM_AssetPlatform.uasset" 421
"../../../../../escaVerse-UE4.25.3-project/escaVerse/Content/StarterContent/Maps/Advanced_Lighting.umap" 422
"../../../Engine/Content/EngineSky/C_Sky_Cloud_Color.uasset" 423
"../../../Engine/Content/EngineSky/C_Sky_Horizon_Color.uasset" 424
"../../../Engine/Content/EngineSky/C_Sky_Zenith_Color.uasset" 425
"../../../Engine/Content/EngineSky/T_Sky_Blue.uasset" 426
"../../../Engine/Content/EngineSky/T_Sky_Clouds_M.uasset" 427
"../../../Engine/Content/EngineSky/T_Sky_Stars.uasset" 428
"../../../Engine/Content/EngineSky/M_Sky_Panning_Clouds2.uasset" 429
"../../../Engine/Content/EngineSky/SM_SkySphere.uasset" 430
"../../../Engine/Content/EngineSky/BP_Sky_Sphere.uasset" 431
"../../../../../escaVerse-UE4.25.3-project/escaVerse/Content/StarterContent/Maps/Minimal_Default_BuiltData.uasset" 432
"../../../../../escaVerse-UE4.25.3-project/escaVerse/Content/StarterContent/Textures/T_MacroVariation.uasset" 433
"../../../../../escaVerse-UE4.25.3-project/escaVerse/Content/StarterContent/Materials/M_Metal_Brushed_Nickel.uasset" 434
"../../../../../escaVerse-UE4.25.3-project/escaVerse/Content/StarterContent/Textures/T_Metal_Aluminum_D.uasset" 435
"../../../../../escaVerse-UE4.25.3-project/escaVerse/Content/StarterContent/Textures/T_Metal_Gold_N.uasset" 436
"../../../../../escaVerse-UE4.25.3-project/escaVerse/Content/StarterContent/Materials/M_Metal_Burnished_Steel.uasset" 437
"../../../../../escaVerse-UE4.25.3-project/escaVerse/Content/StarterContent/Textures/T_Metal_Copper_D.uasset" 438
"../../../../../escaVerse-UE4.25.3-project/escaVerse/Content/StarterContent/Materials/M_Metal_Copper.uasset" 439
"../../../../../escaVerse-UE4.25.3-project/escaVerse/Content/StarterContent/Textures/T_Statue_M.uasset" 440
"../../../../../escaVerse-UE4.25.3-project/escaVerse/Content/StarterContent/Textures/T_Statue_N.uasset" 441
"../../../../../escaVerse-UE4.25.3-project/escaVerse/Content/StarterContent/Props/Materials/M_StatueGlass.uasset" 442
"../../../../../escaVerse-UE4.25.3-project/escaVerse/Content/StarterContent/Architecture/Floor_400x400.uasset" 443
"../../../../../escaVerse-UE4.25.3-project/escaVerse/Content/StarterContent/Audio/Starter_Background_Cue.uasset" 444
"../../../../../escaVerse-UE4.25.3-project/escaVerse/Content/StarterContent/Props/SM_Chair.uasset" 445
"../../../../../escaVerse-UE4.25.3-project/escaVerse/Content/StarterContent/Props/Materials/M_Statue.uasset" 446
"../../../../../escaVerse-UE4.25.3-project/escaVerse/Content/StarterContent/Props/SM_Statue.uasset" 447
"../../../../../escaVerse-UE4.25.3-project/escaVerse/Content/StarterContent/Textures/T_TableRound_M.uasset" 448
"../../../../../escaVerse-UE4.25.3-project/escaVerse/Content/StarterContent/Textures/T_TableRound_N.uasset" 449
"../../../../../escaVerse-UE4.25.3-project/escaVerse/Content/StarterContent/Props/Materials/M_TableRound.uasset" 450
"../../../../../escaVerse-UE4.25.3-project/escaVerse/Content/StarterContent/Props/SM_TableRound.uasset" 451
"../../../../../escaVerse-UE4.25.3-project/escaVerse/Content/StarterContent/Maps/Minimal_Default.umap" 452
"../../../../../escaVerse-UE4.25.3-project/escaVerse/Content/StarterContent/Audio/Fire01_Cue.uasset" 453
"../../../../../escaVerse-UE4.25.3-project/escaVerse/Content/StarterContent/Textures/T_Fire_SubUV.uasset" 454
"../../../../../escaVerse-UE4.25.3-project/escaVerse/Content/StarterContent/Textures/T_Fire_Tiled_D.uasset" 455
"../../../../../escaVerse-UE4.25.3-project/escaVerse/Content/StarterContent/Particles/Materials/M_Fire_SubUV.uasset" 456
"../../../../../escaVerse-UE4.25.3-project/escaVerse/Content/StarterContent/Textures/T_Water_N.uasset" 457
"../../../../../escaVerse-UE4.25.3-project/escaVerse/Content/StarterContent/Particles/Materials/M_Heat_Distortion.uasset" 458
"../../../../../escaVerse-UE4.25.3-project/escaVerse/Content/StarterContent/Particles/Materials/M_Radial_Gradient.uasset" 459
"../../../../../escaVerse-UE4.25.3-project/escaVerse/Content/StarterContent/Particles/P_Fire.uasset" 460
"../../../../../escaVerse-UE4.25.3-project/escaVerse/Content/StarterContent/Blueprints/Blueprint_Effect_Fire.uasset" 461
"../../../../../escaVerse-UE4.25.3-project/escaVerse/Content/StarterContent/Audio/Smoke01_Cue.uasset" 462
"../../../../../escaVerse-UE4.25.3-project/escaVerse/Content/StarterContent/Particles/P_Smoke.uasset" 463
"../../../../../escaVerse-UE4.25.3-project/escaVerse/Content/StarterContent/Blueprints/Blueprint_Effect_Smoke.uasset" 464
"../../../../../escaVerse-UE4.25.3-project/escaVerse/Content/StarterContent/Audio/Fire_Sparks01_Cue.uasset" 465
"../../../../../escaVerse-UE4.25.3-project/escaVerse/Content/StarterContent/Textures/T_Spark_Core.uasset" 466
"../../../../../escaVerse-UE4.25.3-project/escaVerse/Content/StarterContent/Particles/Materials/M_Spark.uasset" 467
"../../../../../escaVerse-UE4.25.3-project/escaVerse/Content/StarterContent/Particles/P_Sparks.uasset" 468
"../../../../../escaVerse-UE4.25.3-project/escaVerse/Content/StarterContent/Blueprints/Blueprint_Effect_Sparks.uasset" 469
"../../../../../escaVerse-UE4.25.3-project/escaVerse/Content/StarterContent/Audio/Steam01_Cue.uasset" 470
"../../../../../escaVerse-UE4.25.3-project/escaVerse/Content/StarterContent/Particles/P_Steam_Lit.uasset" 471
"../../../../../escaVerse-UE4.25.3-project/escaVerse/Content/StarterContent/Blueprints/Blueprint_Effect_Steam.uasset" 472
"../../../../../escaVerse-UE4.25.3-project/escaVerse/Content/StarterContent/Textures/T_Lamp_M.uasset" 473
"../../../../../escaVerse-UE4.25.3-project/escaVerse/Content/StarterContent/Textures/T_Lamp_N.uasset" 474
"../../../../../escaVerse-UE4.25.3-project/escaVerse/Content/StarterContent/Props/Materials/M_Lamp.uasset" 475
"../../../../../escaVerse-UE4.25.3-project/escaVerse/Content/StarterContent/Props/SM_Lamp_Ceiling.uasset" 476
"../../../../../escaVerse-UE4.25.3-project/escaVerse/Content/StarterContent/Blueprints/Blueprint_CeilingLight.uasset" 477
"../../../../../escaVerse-UE4.25.3-project/escaVerse/Content/StarterContent/Props/SM_Lamp_Wall.uasset" 478
"../../../../../escaVerse-UE4.25.3-project/escaVerse/Content/StarterContent/Blueprints/Blueprint_WallSconce.uasset" 479
"../../../../../escaVerse-UE4.25.3-project/escaVerse/Content/StarterContent/Maps/StarterMap_BuiltData.uasset" 480
"../../../Engine/Content/Functions/Engine_MaterialFunctions03/Procedurals/ComputeFilterWidth.uasset" 481
"../../../Engine/Content/EngineMaterials/AntiAliasedTextMaterialTranslucent.uasset" 482
"../../../../../escaVerse-UE4.25.3-project/escaVerse/Content/StarterContent/Textures/T_Brick_Clay_Beveled_D.uasset" 483
"../../../../../escaVerse-UE4.25.3-project/escaVerse/Content/StarterContent/Textures/T_Brick_Clay_Beveled_M.uasset" 484
"../../../../../escaVerse-UE4.25.3-project/escaVerse/Content/StarterContent/Textures/T_Brick_Clay_Beveled_N.uasset" 485
"../../../../../escaVerse-UE4.25.3-project/escaVerse/Content/StarterContent/Materials/M_Brick_Clay_Beveled.uasset" 486
"../../../../../escaVerse-UE4.25.3-project/escaVerse/Content/StarterContent/Textures/T_Brick_Clay_New_D.uasset" 487
"../../../../../escaVerse-UE4.25.3-project/escaVerse/Content/StarterContent/Textures/T_Brick_Clay_New_M.uasset" 488
"../../../../../escaVerse-UE4.25.3-project/escaVerse/Content/StarterContent/Textures/T_Brick_Clay_New_N.uasset" 489
"../../../../../escaVerse-UE4.25.3-project/escaVerse/Content/StarterContent/Materials/M_Brick_Clay_New.uasset" 490
"../../../../../escaVerse-UE4.25.3-project/escaVerse/Content/StarterContent/Textures/T_Brick_Clay_Old_D.uasset" 491
"../../../../../escaVerse-UE4.25.3-project/escaVerse/Content/StarterContent/Textures/T_Brick_Clay_Old_N.uasset" 492
"../../../../../escaVerse-UE4.25.3-project/escaVerse/Content/StarterContent/Textures/T_Perlin_Noise_M.uasset" 493
"../../../../../escaVerse-UE4.25.3-project/escaVerse/Content/StarterContent/Materials/M_Brick_Clay_Old.uasset" 494
"../../../../../escaVerse-UE4.25.3-project/escaVerse/Content/StarterContent/Textures/T_Brick_Cut_Stone_D.uasset" 495
"../../../../../escaVerse-UE4.25.3-project/escaVerse/Content/StarterContent/Textures/T_Brick_Cut_Stone_N.uasset" 496
"../../../../../escaVerse-UE4.25.3-project/escaVerse/Content/StarterContent/Materials/M_Brick_Cut_Stone.uasset" 497
"../../../../../escaVerse-UE4.25.3-project/escaVerse/Content/StarterContent/Textures/T_Brick_Hewn_Stone_D.uasset" 498
"../../../../../escaVerse-UE4.25.3-project/escaVerse/Content/StarterContent/Textures/T_Brick_Hewn_Stone_M.uasset" 499
"../../../../../escaVerse-UE4.25.3-project/escaVerse/Content/StarterContent/Textures/T_Brick_Hewn_Stone_N.uasset" 500
"../../../../../escaVerse-UE4.25.3-project/escaVerse/Content/StarterContent/Materials/M_Brick_Hewn_Stone.uasset" 501
"../../../../../escaVerse-UE4.25.3-project/escaVerse/Content/StarterContent/Textures/T_Ceramic_Tile_M.uasset" 502
"../../../../../escaVerse-UE4.25.3-project/escaVerse/Content/StarterContent/Textures/T_Ceramic_Tile_N.uasset" 503
"../../../../../escaVerse-UE4.25.3-project/escaVerse/Content/StarterContent/Textures/T_Rock_Marble_Polished_D.uasset" 504
"../../../../../escaVerse-UE4.25.3-project/escaVerse/Content/StarterContent/Materials/M_Ceramic_Tile_Checker.uasset" 505
"../../../../../escaVerse-UE4.25.3-project/escaVerse/Content/StarterContent/Textures/T_CobbleStone_Pebble_D.uasset" 506
"../../../../../escaVerse-UE4.25.3-project/escaVerse/Content/StarterContent/Textures/T_CobbleStone_Pebble_M.uasset" 507
"../../../../../escaVerse-UE4.25.3-project/escaVerse/Content/StarterContent/Textures/T_CobbleStone_Pebble_N.uasset" 508
"../../../../../escaVerse-UE4.25.3-project/escaVerse/Content/StarterContent/Materials/M_CobbleStone_Pebble.uasset" 509
"../../../../../escaVerse-UE4.25.3-project/escaVerse/Content/StarterContent/Textures/T_CobbleStone_Rough_D.uasset" 510
"../../../../../escaVerse-UE4.25.3-project/escaVerse/Content/StarterContent/Textures/T_CobbleStone_Rough_N.uasset" 511
"../../../../../escaVerse-UE4.25.3-project/escaVerse/Content/StarterContent/Textures/T_Gradinet_01.uasset" 512
"../../../../../escaVerse-UE4.25.3-project/escaVerse/Content/StarterContent/Textures/T_Rock_Smooth_Granite_D.uasset" 513
"../../../../../escaVerse-UE4.25.3-project/escaVerse/Content/StarterContent/Materials/M_CobbleStone_Rough.uasset" 514
"../../../../../escaVerse-UE4.25.3-project/escaVerse/Content/StarterContent/Textures/T_CobbleStone_Smooth_D.uasset" 515
"../../../../../escaVerse-UE4.25.3-project/escaVerse/Content/StarterContent/Textures/T_CobbleStone_Smooth_M.uasset" 516
"../../../../../escaVerse-UE4.25.3-project/escaVerse/Content/StarterContent/Textures/T_CobbleStone_Smooth_N.uasset" 517
"../../../../../escaVerse-UE4.25.3-project/escaVerse/Content/StarterContent/Materials/M_CobbleStone_Smooth.uasset" 518
"../../../../../escaVerse-UE4.25.3-project/escaVerse/Content/StarterContent/Textures/T_Concrete_Grime_D.uasset" 519
"../../../../../escaVerse-UE4.25.3-project/escaVerse/Content/StarterContent/Textures/T_Metal_Rust_N.uasset" 520
"../../../../../escaVerse-UE4.25.3-project/escaVerse/Content/StarterContent/Materials/M_Concrete_Grime.uasset" 521
"../../../../../escaVerse-UE4.25.3-project/escaVerse/Content/StarterContent/Textures/T_Concrete_Panels_D.uasset" 522
"../../../../../escaVerse-UE4.25.3-project/escaVerse/Content/StarterContent/Textures/T_Concrete_Panels_N.uasset" 523
"../../../../../escaVerse-UE4.25.3-project/escaVerse/Content/StarterContent/Materials/M_Concrete_Panels.uasset" 524
"../../../../../escaVerse-UE4.25.3-project/escaVerse/Content/StarterContent/Textures/T_Concrete_Poured_D.uasset" 525
"../../../../../escaVerse-UE4.25.3-project/escaVerse/Content/StarterContent/Textures/T_Concrete_Poured_N.uasset" 526
"../../../../../escaVerse-UE4.25.3-project/escaVerse/Content/StarterContent/Materials/M_Concrete_Poured.uasset" 527
"../../../../../escaVerse-UE4.25.3-project/escaVerse/Content/StarterContent/Textures/T_Concrete_Tiles_D.uasset" 528
"../../../../../escaVerse-UE4.25.3-project/escaVerse/Content/StarterContent/Textures/T_Concrete_Tiles_M.uasset" 529
"../../../../../escaVerse-UE4.25.3-project/escaVerse/Content/StarterContent/Textures/T_Concrete_Tiles_N.uasset" 530
"../../../../../escaVerse-UE4.25.3-project/escaVerse/Content/StarterContent/Textures/T_Concrete_Tiles_Variation_M.uasset" 531
"../../../../../escaVerse-UE4.25.3-project/escaVerse/Content/StarterContent/Materials/M_Concrete_Tiles.uasset" 532
"../../../../../escaVerse-UE4.25.3-project/escaVerse/Content/StarterContent/Textures/T_Ground_Grass_D.uasset" 533
"../../../../../escaVerse-UE4.25.3-project/escaVerse/Content/StarterContent/Textures/T_Ground_Grass_N.uasset" 534
"../../../../../escaVerse-UE4.25.3-project/escaVerse/Content/StarterContent/Materials/M_Ground_Grass.uasset" 535
"../../../../../escaVerse-UE4.25.3-project/escaVerse/Content/StarterContent/Textures/T_Ground_Gravel_D.uasset" 536
"../../../../../escaVerse-UE4.25.3-project/escaVerse/Content/StarterContent/Textures/T_Ground_Gravel_N.uasset" 537
"../../../../../escaVerse-UE4.25.3-project/escaVerse/Content/StarterContent/Materials/M_Ground_Gravel.uasset" 538
"../../../../../escaVerse-UE4.25.3-project/escaVerse/Content/StarterContent/Textures/T_ground_Moss_D.uasset" 539
"../../../../../escaVerse-UE4.25.3-project/escaVerse/Content/StarterContent/Textures/T_Ground_Moss_N.uasset" 540
"../../../../../escaVerse-UE4.25.3-project/escaVerse/Content/StarterContent/Materials/M_Ground_Moss.uasset" 541
"../../../../../escaVerse-UE4.25.3-project/escaVerse/Content/StarterContent/Materials/M_Metal_Chrome.uasset" 542
"../../../../../escaVerse-UE4.25.3-project/escaVerse/Content/StarterContent/Textures/T_Metal_Gold_D.uasset" 543
"../../../../../escaVerse-UE4.25.3-project/escaVerse/Content/StarterContent/Materials/M_Metal_Gold.uasset" 544
"../../../../../escaVerse-UE4.25.3-project/escaVerse/Content/StarterContent/Textures/T_Metal_Rust_D.uasset" 545
"../../../../../escaVerse-UE4.25.3-project/escaVerse/Content/StarterContent/Materials/M_Metal_Rust.uasset" 546
"../../../../../escaVerse-UE4.25.3-project/escaVerse/Content/StarterContent/Textures/T_Metal_Steel_D.uasset" 547
"../../../../../escaVerse-UE4.25.3-project/escaVerse/Content/StarterContent/Textures/T_Metal_Steel_N.uasset" 548
"../../../../../escaVerse-UE4.25.3-project/escaVerse/Content/StarterContent/Materials/M_Metal_Steel.uasset" 549
"../../../../../escaVerse-UE4.25.3-project/escaVerse/Content/StarterContent/Textures/T_Rock_Basalt_N.uasset" 550
"../../../../../escaVerse-UE4.25.3-project/escaVerse/Content/StarterContent/Materials/M_Rock_Basalt.uasset" 551
"../../../../../escaVerse-UE4.25.3-project/escaVerse/Content/StarterContent/Materials/M_Rock_Marble_Polished.uasset" 552
"../../../../../escaVerse-UE4.25.3-project/escaVerse/Content/StarterContent/Textures/T_Rock_Sandstone_D.uasset" 553
"../../../../../escaVerse-UE4.25.3-project/escaVerse/Content/StarterContent/Textures/T_Rock_Sandstone_N.uasset" 554
"../../../../../escaVerse-UE4.25.3-project/escaVerse/Content/StarterContent/Materials/M_Rock_Sandstone.uasset" 555
"../../../../../escaVerse-UE4.25.3-project/escaVerse/Content/StarterContent/Textures/T_Rock_Slate_D.uasset" 556
"../../../../../escaVerse-UE4.25.3-project/escaVerse/Content/StarterContent/Textures/T_Rock_Slate_N.uasset" 557
"../../../../../escaVerse-UE4.25.3-project/escaVerse/Content/StarterContent/Materials/M_Rock_Slate.uasset" 558
"../../../../../escaVerse-UE4.25.3-project/escaVerse/Content/StarterContent/Textures/T_Checker_Noise_M.uasset" 559
"../../../../../escaVerse-UE4.25.3-project/escaVerse/Content/StarterContent/Textures/T_Single_Tile_N.uasset" 560
"../../../../../escaVerse-UE4.25.3-project/escaVerse/Content/StarterContent/Textures/T_Tech_Dot_M.uasset" 561
"../../../../../escaVerse-UE4.25.3-project/escaVerse/Content/StarterContent/Textures/T_Tech_Dot_N.uasset" 562
"../../../../../escaVerse-UE4.25.3-project/escaVerse/Content/StarterContent/Materials/M_Tech_Checker_Dot.uasset" 563
"../../../../../escaVerse-UE4.25.3-project/escaVerse/Content/StarterContent/Textures/T_Tech_Hex_Tile_M.uasset" 564
"../../../../../escaVerse-UE4.25.3-project/escaVerse/Content/StarterContent/Textures/T_Tech_Hex_Tile_N.uasset" 565
"../../../../../escaVerse-UE4.25.3-project/escaVerse/Content/StarterContent/Materials/M_Tech_Hex_Tile.uasset" 566
"../../../../../escaVerse-UE4.25.3-project/escaVerse/Content/StarterContent/Materials/M_Tech_Hex_Tile_Pulse.uasset" 567
"../../../../../escaVerse-UE4.25.3-project/escaVerse/Content/StarterContent/Textures/T_Tech_Panel_M.uasset" 568
"../../../../../escaVerse-UE4.25.3-project/escaVerse/Content/StarterContent/Textures/T_Tech_Panel_N.uasset" 569
"../../../../../escaVerse-UE4.25.3-project/escaVerse/Content/StarterContent/Materials/M_Tech_Panel.uasset" 570
"../../../../../escaVerse-UE4.25.3-project/escaVerse/Content/StarterContent/Materials/M_Water_Lake.uasset" 571
"../../../../../escaVerse-UE4.25.3-project/escaVerse/Content/StarterContent/Textures/T_Water_M.uasset" 572
"../../../../../escaVerse-UE4.25.3-project/escaVerse/Content/StarterContent/Materials/M_Water_Ocean.uasset" 573
"../../../../../escaVerse-UE4.25.3-project/escaVerse/Content/StarterContent/Textures/T_Wood_Floor_Walnut_D.uasset" 574
"../../../../../escaVerse-UE4.25.3-project/escaVerse/Content/StarterContent/Textures/T_Wood_Floor_Walnut_M.uasset" 575
"../../../../../escaVerse-UE4.25.3-project/escaVerse/Content/StarterContent/Textures/T_Wood_Floor_Walnut_N.uasset" 576
"../../../../../escaVerse-UE4.25.3-project/escaVerse/Content/StarterContent/Materials/M_Wood_Floor_Walnut_Polished.uasset" 577
"../../../Engine/Content/Functions/Engine_MaterialFunctions01/Opacity/AlphaOffset.uasset" 578
"../../../../../escaVerse-UE4.25.3-project/escaVerse/Content/StarterContent/Materials/M_Wood_Floor_Walnut_Worn.uasset" 579
"../../../../../escaVerse-UE4.25.3-project/escaVerse/Content/StarterContent/Textures/T_Wood_Oak_D.uasset" 580
"../../../../../escaVerse-UE4.25.3-project/escaVerse/Content/StarterContent/Textures/T_Wood_Oak_N.uasset" 581
"../../../../../escaVerse-UE4.25.3-project/escaVerse/Content/StarterContent/Materials/M_Wood_Oak.uasset" 582
"../../../../../escaVerse-UE4.25.3-project/escaVerse/Content/StarterContent/Textures/T_Wood_Pine_D.uasset" 583
"../../../../../escaVerse-UE4.25.3-project/escaVerse/Content/StarterContent/Textures/T_Wood_Pine_N.uasset" 584
"../../../../../escaVerse-UE4.25.3-project/escaVerse/Content/StarterContent/Materials/M_Wood_Pine.uasset" 585
"../../../../../escaVerse-UE4.25.3-project/escaVerse/Content/StarterContent/Textures/T_Wood_Walnut_D.uasset" 586
"../../../../../escaVerse-UE4.25.3-project/escaVerse/Content/StarterContent/Textures/T_Wood_Walnut_N.uasset" 587
"../../../../../escaVerse-UE4.25.3-project/escaVerse/Content/StarterContent/Materials/M_Wood_Walnut.uasset" 588
"../../../../../escaVerse-UE4.25.3-project/escaVerse/Content/StarterContent/Architecture/Wall_400x200.uasset" 589
"../../../../../escaVerse-UE4.25.3-project/escaVerse/Content/StarterContent/Architecture/Wall_Door_400x300.uasset" 590
"../../../../../escaVerse-UE4.25.3-project/escaVerse/Content/StarterContent/Architecture/Wall_Window_400x300.uasset" 591
"../../../../../escaVerse-UE4.25.3-project/escaVerse/Content/StarterContent/Audio/Collapse_Cue.uasset" 592
"../../../../../escaVerse-UE4.25.3-project/escaVerse/Content/StarterContent/Audio/Starter_Music_Cue.uasset" 593
"../../../../../escaVerse-UE4.25.3-project/escaVerse/Content/StarterContent/Textures/T_Dust_Particle_D.uasset" 594
"../../../../../escaVerse-UE4.25.3-project/escaVerse/Content/StarterContent/Particles/Materials/M_Dust_Particle.uasset" 595
"../../../../../escaVerse-UE4.25.3-project/escaVerse/Content/StarterContent/Particles/P_Ambient_Dust.uasset" 596
"../../../../../escaVerse-UE4.25.3-project/escaVerse/Content/StarterContent/Props/MaterialSphere.uasset" 597
"../../../../../escaVerse-UE4.25.3-project/escaVerse/Content/StarterContent/Textures/T_Frame_M.uasset" 598
"../../../../../escaVerse-UE4.25.3-project/escaVerse/Content/StarterContent/Textures/T_Frame_N.uasset" 599
"../../../../../escaVerse-UE4.25.3-project/escaVerse/Content/StarterContent/Props/Materials/M_Frame.uasset" 600
"../../../../../escaVerse-UE4.25.3-project/escaVerse/Content/StarterContent/Props/SM_CornerFrame.uasset" 601
"../../../../../escaVerse-UE4.25.3-project/escaVerse/Content/StarterContent/Props/SM_DoorFrame.uasset" 602
"../../../../../escaVerse-UE4.25.3-project/escaVerse/Content/StarterContent/Props/SM_GlassWindow.uasset" 603
"../../../../../escaVerse-UE4.25.3-project/escaVerse/Content/StarterContent/Props/SM_PillarFrame.uasset" 604
"../../../../../escaVerse-UE4.25.3-project/escaVerse/Content/StarterContent/Props/SM_PillarFrame300.uasset" 605
"../../../../../escaVerse-UE4.25.3-project/escaVerse/Content/StarterContent/Props/SM_WindowFrame.uasset" 606
"../../../../../escaVerse-UE4.25.3-project/escaVerse/Content/StarterContent/Shapes/Shape_Cube.uasset" 607
"../../../../../escaVerse-UE4.25.3-project/escaVerse/Content/StarterContent/Shapes/Shape_Sphere.uasset" 608
"../../../../../escaVerse-UE4.25.3-project/escaVerse/Content/StarterContent/Maps/StarterMap.umap" 609
"../../../../../escaVerse-UE4.25.3-project/escaVerse/Content/ThirdPersonCPP/Blueprints/ThirdPersonCharacter.uasset" 610
"../../../../../escaVerse-UE4.25.3-project/escaVerse/Content/ThirdPersonCPP/Maps/ThirdPersonExampleMap_BuiltData.uasset" 611
"../../../../../escaVerse-UE4.25.3-project/escaVerse/Content/Geometry/Meshes/1M_Cube_Chamfer.uasset" 612
"../../../../../escaVerse-UE4.25.3-project/escaVerse/Content/Geometry/Meshes/TemplateFloor.uasset" 613
"../../../../../escaVerse-UE4.25.3-project/escaVerse/Content/ThirdPerson/Meshes/RampMaterial.uasset" 614
"../../../../../escaVerse-UE4.25.3-project/escaVerse/Content/ThirdPerson/Meshes/Bump_StaticMesh.uasset" 615
"../../../../../escaVerse-UE4.25.3-project/escaVerse/Content/ThirdPerson/Meshes/LeftArm_StaticMesh.uasset" 616
"../../../../../escaVerse-UE4.25.3-project/escaVerse/Content/ThirdPerson/Meshes/Linear_Stair_StaticMesh.uasset" 617
"../../../../../escaVerse-UE4.25.3-project/escaVerse/Content/ThirdPerson/Meshes/Ramp_StaticMesh.uasset" 618
"../../../../../escaVerse-UE4.25.3-project/escaVerse/Content/ThirdPerson/Meshes/RightArm_StaticMesh.uasset" 619
"../../../../../escaVerse-UE4.25.3-project/escaVerse/Content/ThirdPersonCPP/Maps/ThirdPersonExampleMap.umap" 620
"../../../Engine/Content/Maps/Entry_BuiltData.uasset" 621
"../../../Engine/Content/Maps/Entry.umap" 622
